<?xml version="1.0" encoding="UTF-8"?>
<testng-results ignored="0" total="1" passed="1" failed="0" skipped="0">
  <reporter-output>
  </reporter-output>
  <suite started-at="2023-02-08T11:28:09 IST" name="Default suite" finished-at="2023-02-08T11:28:12 IST" duration-ms="2648">
    <groups>
    </groups>
    <test started-at="2023-02-08T11:28:09 IST" name="Default test" finished-at="2023-02-08T11:28:12 IST" duration-ms="2648">
      <class name="Demo2.Create_Update_Delete_User">
        <test-method is-config="true" signature="CreatePayLoad()[pri:0, instance:Demo2.Create_Update_Delete_User@7c37508a]" started-at="2023-02-08T11:28:09 IST" name="CreatePayLoad" finished-at="2023-02-08T11:28:09 IST" duration-ms="561" status="PASS">
          <reporter-output>
          </reporter-output>
        </test-method> <!-- CreatePayLoad -->
        <test-method signature="createResource()[pri:0, instance:Demo2.Create_Update_Delete_User@7c37508a]" started-at="2023-02-08T11:28:09 IST" name="createResource" finished-at="2023-02-08T11:28:12 IST" duration-ms="2615" status="PASS">
          <reporter-output>
          </reporter-output>
        </test-method> <!-- createResource -->
      </class> <!-- Demo2.Create_Update_Delete_User -->
    </test> <!-- Default test -->
  </suite> <!-- Default suite -->
</testng-results>
