<?xml version="1.0" encoding="UTF-8"?>
<testng-results ignored="0" total="3" passed="3" failed="0" skipped="0">
  <reporter-output>
  </reporter-output>
  <suite started-at="2023-01-25T12:35:34 IST" name="Default suite" finished-at="2023-01-25T12:35:39 IST" duration-ms="4279">
    <groups>
    </groups>
    <test started-at="2023-01-25T12:35:34 IST" name="Default test" finished-at="2023-01-25T12:35:39 IST" duration-ms="4279">
      <class name="Demo1.Create_Update_User2">
        <test-method is-config="true" signature="createPayLoad()[pri:0, instance:Demo1.Create_Update_User2@70ed52de]" started-at="2023-01-25T12:35:34 IST" name="createPayLoad" finished-at="2023-01-25T12:35:34 IST" duration-ms="530" status="PASS">
          <reporter-output>
          </reporter-output>
        </test-method> <!-- createPayLoad -->
        <test-method signature="createResource()[pri:0, instance:Demo1.Create_Update_User2@70ed52de]" started-at="2023-01-25T12:35:34 IST" name="createResource" finished-at="2023-01-25T12:35:37 IST" duration-ms="2395" status="PASS">
          <reporter-output>
          </reporter-output>
        </test-method> <!-- createResource -->
        <test-method signature="updateResource()[pri:1, instance:Demo1.Create_Update_User2@70ed52de]" started-at="2023-01-25T12:35:37 IST" name="updateResource" finished-at="2023-01-25T12:35:38 IST" duration-ms="1133" status="PASS">
          <reporter-output>
          </reporter-output>
        </test-method> <!-- updateResource -->
        <test-method signature="deleteResource()[pri:3, instance:Demo1.Create_Update_User2@70ed52de]" started-at="2023-01-25T12:35:38 IST" name="deleteResource" finished-at="2023-01-25T12:35:39 IST" duration-ms="718" status="PASS">
          <reporter-output>
          </reporter-output>
        </test-method> <!-- deleteResource -->
      </class> <!-- Demo1.Create_Update_User2 -->
    </test> <!-- Default test -->
  </suite> <!-- Default suite -->
</testng-results>
