<?xml version="1.0" encoding="UTF-8"?>
<testng-results ignored="0" total="4" passed="4" failed="0" skipped="0">
  <reporter-output>
  </reporter-output>
  <suite started-at="2023-01-24T21:03:54 IST" name="Default suite" finished-at="2023-01-24T21:04:05 IST" duration-ms="10731">
    <groups>
    </groups>
    <test started-at="2023-01-24T21:03:54 IST" name="Default test" finished-at="2023-01-24T21:04:05 IST" duration-ms="10731">
      <class name="demo.Create_Update_Delete_User1">
        <test-method is-config="true" signature="createPayLoad()[pri:0, instance:demo.Create_Update_Delete_User1@303cf2ba]" started-at="2023-01-24T21:03:53 IST" name="createPayLoad" finished-at="2023-01-24T21:03:54 IST" duration-ms="503" status="PASS">
          <reporter-output>
          </reporter-output>
        </test-method> <!-- createPayLoad -->
        <test-method signature="createResource()[pri:0, instance:demo.Create_Update_Delete_User1@303cf2ba]" started-at="2023-01-24T21:03:54 IST" name="createResource" finished-at="2023-01-24T21:03:57 IST" duration-ms="3245" status="PASS">
          <reporter-output>
          </reporter-output>
        </test-method> <!-- createResource -->
        <test-method signature="verifyResourceHasBeenCreated()[pri:1, instance:demo.Create_Update_Delete_User1@303cf2ba]" started-at="2023-01-24T21:03:57 IST" name="verifyResourceHasBeenCreated" finished-at="2023-01-24T21:03:59 IST" duration-ms="1762" status="PASS">
          <reporter-output>
          </reporter-output>
        </test-method> <!-- verifyResourceHasBeenCreated -->
        <test-method signature="updateResource()[pri:2, instance:demo.Create_Update_Delete_User1@303cf2ba]" started-at="2023-01-24T21:03:59 IST" name="updateResource" finished-at="2023-01-24T21:04:01 IST" duration-ms="2552" status="PASS">
          <reporter-output>
          </reporter-output>
        </test-method> <!-- updateResource -->
        <test-method signature="deleteResource()[pri:3, instance:demo.Create_Update_Delete_User1@303cf2ba]" started-at="2023-01-24T21:04:01 IST" name="deleteResource" finished-at="2023-01-24T21:04:05 IST" duration-ms="3133" status="PASS">
          <reporter-output>
          </reporter-output>
        </test-method> <!-- deleteResource -->
      </class> <!-- demo.Create_Update_Delete_User1 -->
    </test> <!-- Default test -->
  </suite> <!-- Default suite -->
</testng-results>
