<?xml version="1.0" encoding="UTF-8"?>
<!-- Generated by org.testng.reporters.JUnitXMLReporter -->
<testsuite ignored="0" hostname="DESKTOP-G8HSDBH" failures="0" tests="3" name="Default test" time="4.279" errors="0" timestamp="2023-01-25T12:35:39 IST">
  <testcase classname="Demo1.Create_Update_User2" name="createResource" time="2.395"/>
  <testcase classname="Demo1.Create_Update_User2" name="updateResource" time="1.133"/>
  <testcase classname="Demo1.Create_Update_User2" name="deleteResource" time="0.718"/>
</testsuite> <!-- Default test -->
