<?xml version="1.0" encoding="UTF-8"?>
<!-- Generated by org.testng.reporters.JUnitXMLReporter -->
<testsuite ignored="0" hostname="DESKTOP-G8HSDBH" failures="0" tests="4" name="Default test" time="10.731" errors="0" timestamp="2023-01-24T21:04:05 IST">
  <testcase classname="demo.Create_Update_Delete_User1" name="createResource" time="3.245"/>
  <testcase classname="demo.Create_Update_Delete_User1" name="verifyResourceHasBeenCreated" time="1.762"/>
  <testcase classname="demo.Create_Update_Delete_User1" name="updateResource" time="2.552"/>
  <testcase classname="demo.Create_Update_Delete_User1" name="deleteResource" time="3.133"/>
</testsuite> <!-- Default test -->
